<?xml version="1.0" encoding="UTF-8"?>
<testng-results ignored="0" total="1" passed="1" failed="0" skipped="0">
  <reporter-output>
  </reporter-output>
  <suite started-at="2023-03-07T17:39:35 IST" name="Default suite" finished-at="2023-03-07T17:39:38 IST" duration-ms="2730">
    <groups>
    </groups>
    <test started-at="2023-03-07T17:39:35 IST" name="Default test" finished-at="2023-03-07T17:39:38 IST" duration-ms="2730">
      <class name="bdd.APIFramework.excelDriven">
        <test-method signature="addBook()[pri:0, instance:bdd.APIFramework.excelDriven@649bec2e]" started-at="2023-03-07T17:39:35 IST" name="addBook" finished-at="2023-03-07T17:39:38 IST" duration-ms="2698" status="PASS">
          <reporter-output>
          </reporter-output>
        </test-method> <!-- addBook -->
      </class> <!-- bdd.APIFramework.excelDriven -->
    </test> <!-- Default test -->
  </suite> <!-- Default suite -->
</testng-results>
