<?xml version="1.0" encoding="UTF-8"?>
<!-- Generated by org.testng.reporters.JUnitXMLReporter -->
<testsuite ignored="0" hostname="LAPTOP-7SU4SQ2L" failures="0" tests="6" name="Default test" time="3.253" errors="0" timestamp="2023-02-28T20:01:42 IST">
  <testcase classname="files.DynamicJson" name="addBook" time="2.465"/>
  <testcase classname="files.DynamicJson" name="addBook" time="0.168"/>
  <testcase classname="files.DynamicJson" name="addBook" time="0.136"/>
  <testcase classname="files.DynamicJson" name="deleteBook" time="0.154"/>
  <testcase classname="files.DynamicJson" name="deleteBook" time="0.119"/>
  <testcase classname="files.DynamicJson" name="deleteBook" time="0.15"/>
</testsuite> <!-- Default test -->
