<?xml version="1.0" encoding="UTF-8"?>
<testng-results ignored="0" total="6" passed="6" failed="0" skipped="0">
  <reporter-output>
  </reporter-output>
  <suite started-at="2023-02-28T20:01:38 IST" name="Default suite" finished-at="2023-02-28T20:01:42 IST" duration-ms="3253">
    <groups>
    </groups>
    <test started-at="2023-02-28T20:01:38 IST" name="Default test" finished-at="2023-02-28T20:01:42 IST" duration-ms="3253">
      <class name="files.DynamicJson">
        <test-method signature="addBook(java.lang.String,java.lang.String)[pri:0, instance:files.DynamicJson@d5b810e]" started-at="2023-02-28T20:01:38 IST" name="addBook" data-provider="BooksData" finished-at="2023-02-28T20:01:41 IST" duration-ms="2465" status="PASS">
          <params>
            <param index="0">
              <value>
                <![CDATA[bcdAER]]>
              </value>
            </param>
            <param index="1">
              <value>
                <![CDATA[2921]]>
              </value>
            </param>
          </params>
          <reporter-output>
          </reporter-output>
        </test-method> <!-- addBook -->
        <test-method signature="addBook(java.lang.String,java.lang.String)[pri:0, instance:files.DynamicJson@d5b810e]" started-at="2023-02-28T20:01:41 IST" name="addBook" data-provider="BooksData" finished-at="2023-02-28T20:01:41 IST" duration-ms="168" status="PASS">
          <params>
            <param index="0">
              <value>
                <![CDATA[bcdBER]]>
              </value>
            </param>
            <param index="1">
              <value>
                <![CDATA[2921]]>
              </value>
            </param>
          </params>
          <reporter-output>
          </reporter-output>
        </test-method> <!-- addBook -->
        <test-method signature="addBook(java.lang.String,java.lang.String)[pri:0, instance:files.DynamicJson@d5b810e]" started-at="2023-02-28T20:01:41 IST" name="addBook" data-provider="BooksData" finished-at="2023-02-28T20:01:41 IST" duration-ms="136" status="PASS">
          <params>
            <param index="0">
              <value>
                <![CDATA[bcdCER]]>
              </value>
            </param>
            <param index="1">
              <value>
                <![CDATA[2921]]>
              </value>
            </param>
          </params>
          <reporter-output>
          </reporter-output>
        </test-method> <!-- addBook -->
        <test-method signature="deleteBook(java.lang.String,java.lang.String)[pri:0, instance:files.DynamicJson@d5b810e]" started-at="2023-02-28T20:01:41 IST" name="deleteBook" data-provider="BooksData" finished-at="2023-02-28T20:01:41 IST" duration-ms="154" status="PASS">
          <params>
            <param index="0">
              <value>
                <![CDATA[bcdAER]]>
              </value>
            </param>
            <param index="1">
              <value>
                <![CDATA[2921]]>
              </value>
            </param>
          </params>
          <reporter-output>
          </reporter-output>
        </test-method> <!-- deleteBook -->
        <test-method signature="deleteBook(java.lang.String,java.lang.String)[pri:0, instance:files.DynamicJson@d5b810e]" started-at="2023-02-28T20:01:41 IST" name="deleteBook" data-provider="BooksData" finished-at="2023-02-28T20:01:42 IST" duration-ms="119" status="PASS">
          <params>
            <param index="0">
              <value>
                <![CDATA[bcdBER]]>
              </value>
            </param>
            <param index="1">
              <value>
                <![CDATA[2921]]>
              </value>
            </param>
          </params>
          <reporter-output>
          </reporter-output>
        </test-method> <!-- deleteBook -->
        <test-method signature="deleteBook(java.lang.String,java.lang.String)[pri:0, instance:files.DynamicJson@d5b810e]" started-at="2023-02-28T20:01:42 IST" name="deleteBook" data-provider="BooksData" finished-at="2023-02-28T20:01:42 IST" duration-ms="150" status="PASS">
          <params>
            <param index="0">
              <value>
                <![CDATA[bcdCER]]>
              </value>
            </param>
            <param index="1">
              <value>
                <![CDATA[2921]]>
              </value>
            </param>
          </params>
          <reporter-output>
          </reporter-output>
        </test-method> <!-- deleteBook -->
      </class> <!-- files.DynamicJson -->
    </test> <!-- Default test -->
  </suite> <!-- Default suite -->
</testng-results>
